This is e-pTeX, Version 3.14159265-p3.6-141210-2.6 (utf8.euc) (TeX Live 2015) (preloaded format=platex 2015.12.18)  16 JUL 2019 11:10
entering extended mode
 \write18 enabled.
 %&-line parsing enabled.
**Ishigaki.tex
(./Ishigaki.tex
pLaTeX2e <2006/11/10> (based on LaTeX2e <2015/10/01> patch level 2)
Babel <3.9m> and hyphenation patterns for 79 languages loaded.
(/usr/local/texlive/2015/texmf-dist/tex/platex/jsclasses/jsarticle.cls
Document Class: jsarticle 2014/02/07 okumura
LaTeX Info: Redefining \rmfamily on input line 352.
LaTeX Info: Redefining \sffamily on input line 355.
LaTeX Info: Redefining \ttfamily on input line 358.
\symmincho=\mathgroup4
LaTeX Font Info:    Overwriting symbol font `mincho' in version `bold'
(Font)                  JY1/mc/m/n --> JY1/gt/m/n on input line 423.
LaTeX Font Info:    Font shape `JT1/mc/m/n' will be
(Font)              scaled to size 9.60999pt on input line 613.
LaTeX Font Info:    Font shape `JY1/mc/m/n' will be
(Font)              scaled to size 9.60999pt on input line 613.
\fullwidth=\dimen118
LaTeX Font Info:    Font shape `JT1/mc/m/n' will be
(Font)              scaled to size 7.68799pt on input line 760.
LaTeX Font Info:    Font shape `JY1/mc/m/n' will be
(Font)              scaled to size 7.68799pt on input line 760.
\c@part=\count81
\c@section=\count82
\c@subsection=\count83
\c@subsubsection=\count84
\c@paragraph=\count85
\c@subparagraph=\count86
\@abstractbox=\box41
\c@figure=\count87
\c@table=\count88
\abovecaptionskip=\skip41
\belowcaptionskip=\skip42
\js@tocl@width=\dimen119
\@lnumwidth=\dimen120
\bibindent=\dimen121
LaTeX Info: Redefining \TeX on input line 1731.
LaTeX Info: Redefining \LaTeX on input line 1757.
LaTeX Info: Redefining \LaTeXe on input line 1782.
\heisei=\count89
) (/usr/local/texlive/2015/texmf-dist/tex/latex/graphics/graphicx.sty
Package: graphicx 2014/10/28 v1.0g Enhanced LaTeX Graphics (DPC,SPQR)

(/usr/local/texlive/2015/texmf-dist/tex/latex/graphics/keyval.sty
Package: keyval 2014/10/28 v1.15 key=value parser (DPC)
\KV@toks@=\toks15
)
(/usr/local/texlive/2015/texmf-dist/tex/latex/graphics/graphics.sty
Package: graphics 2014/10/28 v1.0p Standard LaTeX Graphics (DPC,SPQR)

(/usr/local/texlive/2015/texmf-dist/tex/latex/graphics/trig.sty
Package: trig 1999/03/16 v1.09 sin cos tan (DPC)
)
(/usr/local/texlive/2015/texmf-dist/tex/latex/latexconfig/graphics.cfg
File: graphics.cfg 2010/04/23 v1.9 graphics configuration of TeX Live
)
Package graphics Info: Driver file: dvips.def on input line 94.

(/usr/local/texlive/2015/texmf-dist/tex/latex/graphics/dvips.def
File: dvips.def 2014/10/14 v3.0j Driver-dependent file (DPC,SPQR)
))
\Gin@req@height=\dimen122
\Gin@req@width=\dimen123
)
(./Ishigaki.aux)
\openout1 = `Ishigaki.aux'.

LaTeX Font Info:    Checking defaults for OML/cmm/m/it on input line 3.
LaTeX Font Info:    ... okay on input line 3.
LaTeX Font Info:    Checking defaults for T1/cmr/m/n on input line 3.
LaTeX Font Info:    ... okay on input line 3.
LaTeX Font Info:    Checking defaults for OT1/cmr/m/n on input line 3.
LaTeX Font Info:    ... okay on input line 3.
LaTeX Font Info:    Checking defaults for OMS/cmsy/m/n on input line 3.
LaTeX Font Info:    ... okay on input line 3.
LaTeX Font Info:    Checking defaults for OMX/cmex/m/n on input line 3.
LaTeX Font Info:    ... okay on input line 3.
LaTeX Font Info:    Checking defaults for U/cmr/m/n on input line 3.
LaTeX Font Info:    ... okay on input line 3.
LaTeX Font Info:    Checking defaults for JY1/mc/m/n on input line 3.
LaTeX Font Info:    ... okay on input line 3.
LaTeX Font Info:    Checking defaults for JT1/mc/m/n on input line 3.
LaTeX Font Info:    ... okay on input line 3.
LaTeX Font Info:    External font `cmex10' loaded for size
(Font)              <7> on input line 7.
LaTeX Font Info:    External font `cmex10' loaded for size
(Font)              <5> on input line 7.
LaTeX Font Info:    Font shape `JY1/mc/m/n' will be
(Font)              scaled to size 6.72699pt on input line 7.
LaTeX Font Info:    Font shape `JY1/mc/m/n' will be
(Font)              scaled to size 4.805pt on input line 7.
LaTeX Font Info:    Font shape `JT1/mc/m/n' will be
(Font)              scaled to size 16.60605pt on input line 8.
LaTeX Font Info:    Font shape `JY1/mc/m/n' will be
(Font)              scaled to size 16.60605pt on input line 8.
LaTeX Font Info:    Font shape `JT1/mc/m/n' will be
(Font)              scaled to size 11.53198pt on input line 8.
LaTeX Font Info:    Font shape `JY1/mc/m/n' will be
(Font)              scaled to size 11.53198pt on input line 8.

Overfull \hbox (38.12845pt too wide) in paragraph at lines 49--50
 [] 
 []


LaTeX Warning: Float too large for page by 35.45633pt on input line 51.


Overfull \hbox (38.12845pt too wide) in paragraph at lines 97--98
 [] 
 []


LaTeX Warning: Float too large for page by 35.45633pt on input line 99.


Overfull \hbox (34.62845pt too wide) in paragraph at lines 144--145
 [] 
 []


LaTeX Warning: Float too large for page by 19.45633pt on input line 146.


Overfull \hbox (34.62845pt too wide) in paragraph at lines 192--193
 [] 
 []


LaTeX Warning: Float too large for page by 35.45633pt on input line 194.


Overfull \hbox (34.62845pt too wide) in paragraph at lines 239--240
 [] 
 []


LaTeX Warning: Float too large for page by 19.45633pt on input line 241.


Overfull \hbox (34.62845pt too wide) in paragraph at lines 287--288
 [] 
 []


LaTeX Warning: Float too large for page by 35.45633pt on input line 289.


Overfull \hbox (36.96176pt too wide) in paragraph at lines 335--336
 [] 
 []


LaTeX Warning: Float too large for page by 35.45633pt on input line 337.


Overfull \hbox (36.96176pt too wide) in paragraph at lines 381--382
 [] 
 []


LaTeX Warning: Float too large for page by 3.45633pt on input line 383.


Overfull \hbox (38.12845pt too wide) in paragraph at lines 429--430
 [] 
 []


LaTeX Warning: Float too large for page by 35.45633pt on input line 431.


Overfull \hbox (38.12845pt too wide) in paragraph at lines 476--477
 [] 
 []


LaTeX Warning: Float too large for page by 19.45633pt on input line 478.


Overfull \hbox (38.12845pt too wide) in paragraph at lines 524--525
 [] 
 []


LaTeX Warning: Float too large for page by 35.45633pt on input line 526.


Overfull \hbox (38.12845pt too wide) in paragraph at lines 571--572
 [] 
 []


LaTeX Warning: Float too large for page by 19.45633pt on input line 573.


Overfull \hbox (38.12845pt too wide) in paragraph at lines 619--620
 [] 
 []


LaTeX Warning: Float too large for page by 35.45633pt on input line 621.


Overfull \hbox (38.12845pt too wide) in paragraph at lines 667--668
 [] 
 []


LaTeX Warning: Float too large for page by 35.45633pt on input line 669.


Overfull \hbox (34.62845pt too wide) in paragraph at lines 714--715
 [] 
 []


LaTeX Warning: Float too large for page by 19.45633pt on input line 716.


Overfull \hbox (34.62845pt too wide) in paragraph at lines 762--763
 [] 
 []


LaTeX Warning: Float too large for page by 35.45633pt on input line 764.


Overfull \hbox (36.96176pt too wide) in paragraph at lines 809--810
 [] 
 []


LaTeX Warning: Float too large for page by 19.45633pt on input line 811.


Overfull \hbox (36.96176pt too wide) in paragraph at lines 857--858
 [] 
 []


LaTeX Warning: Float too large for page by 35.45633pt on input line 859.


Overfull \hbox (36.96176pt too wide) in paragraph at lines 905--906
 [] 
 []


LaTeX Warning: Float too large for page by 35.45633pt on input line 907.


Overfull \hbox (38.12845pt too wide) in paragraph at lines 950--951
 [] 
 []


Overfull \hbox (38.12845pt too wide) in paragraph at lines 998--999
 [] 
 []


LaTeX Warning: Float too large for page by 35.45633pt on input line 1000.


Overfull \hbox (38.12845pt too wide) in paragraph at lines 1045--1046
 [] 
 []


LaTeX Warning: Float too large for page by 19.45633pt on input line 1047.


Overfull \hbox (38.12845pt too wide) in paragraph at lines 1093--1094
 [] 
 []


LaTeX Warning: Float too large for page by 35.45633pt on input line 1095.


Overfull \hbox (38.12845pt too wide) in paragraph at lines 1140--1141
 [] 
 []


LaTeX Warning: Float too large for page by 19.45633pt on input line 1142.


Overfull \hbox (38.12845pt too wide) in paragraph at lines 1188--1189
 [] 
 []


LaTeX Warning: Float too large for page by 35.45633pt on input line 1190.


Overfull \hbox (38.12845pt too wide) in paragraph at lines 1236--1237
 [] 
 []


LaTeX Warning: Float too large for page by 35.45633pt on input line 1238.


Overfull \hbox (34.62845pt too wide) in paragraph at lines 1283--1284
 [] 
 []


LaTeX Warning: Float too large for page by 19.45633pt on input line 1285.


Overfull \hbox (34.62845pt too wide) in paragraph at lines 1331--1332
 [] 
 []


LaTeX Warning: Float too large for page by 35.45633pt on input line 1333.


Overfull \hbox (34.62845pt too wide) in paragraph at lines 1378--1379
 [] 
 []


LaTeX Warning: Float too large for page by 19.45633pt on input line 1380.


Overfull \hbox (36.96176pt too wide) in paragraph at lines 1426--1427
 [] 
 []


LaTeX Warning: Float too large for page by 35.45633pt on input line 1428.

[1] [2] [3] [4] [5] [6] [7] [8] [9] [10] [11] [12] [13] [14] [15] [16] [17]
[18] [19] [20] [21] [22] [23] [24] [25] [26] [27] [28] [29] [30]
(./Ishigaki.aux) ) 
Here is how much of TeX's memory you used:
 695 strings out of 493742
 7941 string characters out of 6151251
 1181518 words of memory out of 5000000
 4284 multiletter control sequences out of 15000+600000
 9723 words of font info for 44 fonts, out of 8000000 for 9000
 934 hyphenation exceptions out of 8191
 25i,9n,19p,244b,321s stack positions out of 5000i,500n,10000p,200000b,80000s

Output written on Ishigaki.dvi (30 pages, 334016 bytes).
