This is e-pTeX, Version 3.14159265-p3.7-160201-2.6 (utf8.euc) (TeX Live 2016/Arch Linux) (preloaded format=platex 2016.8.27)  25 SEP 2016 15:00
entering extended mode
 \write18 enabled.
 %&-line parsing enabled.
**res1.tex
(./res1.tex
pLaTeX2e <2016/06/10> (based on LaTeX2e <2016/03/31> patch level 3)
Babel <3.9r> and hyphenation patterns for 83 language(s) loaded.
(/usr/share/texmf-dist/tex/platex/jsclasses/jsarticle.cls
Document Class: jsarticle 2014/02/07 okumura
LaTeX Info: Redefining \rmfamily on input line 352.
LaTeX Info: Redefining \sffamily on input line 355.
LaTeX Info: Redefining \ttfamily on input line 358.
\symmincho=\mathgroup4
LaTeX Font Info:    Overwriting symbol font `mincho' in version `bold'
(Font)                  JY1/mc/m/n --> JY1/gt/m/n on input line 423.
LaTeX Font Info:    Font shape `JT1/mc/m/n' will be
(Font)              scaled to size 9.60999pt on input line 613.
LaTeX Font Info:    Font shape `JY1/mc/m/n' will be
(Font)              scaled to size 9.60999pt on input line 613.
\fullwidth=\dimen118
LaTeX Font Info:    Font shape `JT1/mc/m/n' will be
(Font)              scaled to size 7.68799pt on input line 760.
LaTeX Font Info:    Font shape `JY1/mc/m/n' will be
(Font)              scaled to size 7.68799pt on input line 760.
\c@part=\count81
\c@section=\count82
\c@subsection=\count83
\c@subsubsection=\count84
\c@paragraph=\count85
\c@subparagraph=\count86
\@abstractbox=\box41
\c@figure=\count87
\c@table=\count88
\abovecaptionskip=\skip41
\belowcaptionskip=\skip42
\js@tocl@width=\dimen119
\@lnumwidth=\dimen120
\bibindent=\dimen121
LaTeX Info: Redefining \TeX on input line 1731.
LaTeX Info: Redefining \LaTeX on input line 1757.
LaTeX Info: Redefining \LaTeXe on input line 1782.
\heisei=\count89
) (/usr/share/texmf-dist/tex/latex/graphics/lscape.sty
Package: lscape 2000/10/22 v3.01 Landscape Pages (DPC)

(/usr/share/texmf-dist/tex/latex/graphics/graphics.sty
Package: graphics 2016/07/10 v1.0t Standard LaTeX Graphics (DPC,SPQR)

(/usr/share/texmf-dist/tex/latex/graphics/trig.sty
Package: trig 2016/01/03 v1.10 sin cos tan (DPC)
)
(/usr/share/texmf-dist/tex/latex/graphics-cfg/graphics.cfg
File: graphics.cfg 2016/06/04 v1.11 sample graphics configuration
)
Package graphics Info: Driver file: dvips.def on input line 99.

(/usr/share/texmf-dist/tex/latex/graphics-def/dvips.def
File: dvips.def 2016/07/10 v3.1a Driver-dependent file (DPC,SPQR)
)))

LaTeX Warning: Unused global option(s):
    [12pt.a4j].

(./res1.aux)
\openout1 = `res1.aux'.

LaTeX Font Info:    Checking defaults for OML/cmm/m/it on input line 3.
LaTeX Font Info:    ... okay on input line 3.
LaTeX Font Info:    Checking defaults for T1/cmr/m/n on input line 3.
LaTeX Font Info:    ... okay on input line 3.
LaTeX Font Info:    Checking defaults for OT1/cmr/m/n on input line 3.
LaTeX Font Info:    ... okay on input line 3.
LaTeX Font Info:    Checking defaults for OMS/cmsy/m/n on input line 3.
LaTeX Font Info:    ... okay on input line 3.
LaTeX Font Info:    Checking defaults for OMX/cmex/m/n on input line 3.
LaTeX Font Info:    ... okay on input line 3.
LaTeX Font Info:    Checking defaults for U/cmr/m/n on input line 3.
LaTeX Font Info:    ... okay on input line 3.
LaTeX Font Info:    Checking defaults for JY1/mc/m/n on input line 3.
LaTeX Font Info:    ... okay on input line 3.
LaTeX Font Info:    Checking defaults for JT1/mc/m/n on input line 3.
LaTeX Font Info:    ... okay on input line 3.
LaTeX Font Info:    External font `cmex10' loaded for size
(Font)              <7> on input line 46.
LaTeX Font Info:    External font `cmex10' loaded for size
(Font)              <5> on input line 46.
LaTeX Font Info:    Font shape `JY1/mc/m/n' will be
(Font)              scaled to size 6.72699pt on input line 46.
LaTeX Font Info:    Font shape `JY1/mc/m/n' will be
(Font)              scaled to size 4.805pt on input line 46.

Overfull \hbox (123.58778pt too wide) in alignment at lines 46--46
[][][][][][][][][][][][][][][][][][][][][][][][][][][][]
 []

[1


]
Overfull \hbox (123.58778pt too wide) in alignment at lines 86--86
[][][][][][][][][][][][][][][][][][][][][][][][][][][][]
 []


Overfull \hbox (123.58778pt too wide) in alignment at lines 128--128
[][][][][][][][][][][][][][][][][][][][][][][][][][][][]
 []


Overfull \hbox (123.58778pt too wide) in alignment at lines 169--169
[][][][][][][][][][][][][][][][][][][][][][][][][][][][]
 []


Overfull \hbox (123.58778pt too wide) in alignment at lines 211--211
[][][][][][][][][][][][][][][][][][][][][][][][][][][][]
 []


Overfull \hbox (123.58778pt too wide) in alignment at lines 252--252
[][][][][][][][][][][][][][][][][][][][][][][][][][][][]
 []


Overfull \hbox (123.58778pt too wide) in alignment at lines 294--294
[][][][][][][][][][][][][][][][][][][][][][][][][][][][]
 []


Overfull \hbox (123.58778pt too wide) in alignment at lines 336--336
[][][][][][][][][][][][][][][][][][][][][][][][][][][][]
 []


Overfull \hbox (123.58778pt too wide) in alignment at lines 377--377
[][][][][][][][][][][][][][][][][][][][][][][][][][][][]
 []


Overfull \hbox (123.58778pt too wide) in alignment at lines 419--419
[][][][][][][][][][][][][][][][][][][][][][][][][][][][]
 []


Overfull \hbox (123.58778pt too wide) in alignment at lines 460--460
[][][][][][][][][][][][][][][][][][][][][][][][][][][][]
 []


Overfull \hbox (123.58778pt too wide) in alignment at lines 502--502
[][][][][][][][][][][][][][][][][][][][][][][][][][][][]
 []

[2] [3] [4] [5] [6] [7] [8] [9] [10] [11] [12] [13] (./res1.aux) ) 
Here is how much of TeX's memory you used:
 639 strings out of 493682
 6961 string characters out of 6154345
 604116 words of memory out of 5000000
 4273 multiletter control sequences out of 15000+600000
 8556 words of font info for 38 fonts, out of 8000000 for 9000
 934 hyphenation exceptions out of 8191
 25i,9n,19p,202b,327s stack positions out of 5000i,500n,10000p,200000b,80000s

Output written on res1.dvi (13 pages, 122772 bytes).
